2022.11.17 10:21:46 INFO  web[][o.s.p.ProcessEntryPoint] Starting Web Server
2022.11.17 10:21:51 INFO  web[][o.s.s.p.LogServerVersion] SonarQube Server / 9.7.1.62043 / 13c69ab992096c497badccbdb4a31110594574fd
2022.11.17 10:21:52 INFO  web[][o.s.s.p.d.EmbeddedDatabase] Starting embedded database on port 9092 with url jdbc:h2:tcp://127.0.0.1:9092/sonar;NON_KEYWORDS=VALUE
2022.11.17 10:21:52 INFO  web[][o.s.s.p.d.EmbeddedDatabase] Embedded database started. Data stored in: /opt/sonarqube/data
2022.11.17 10:21:53 INFO  web[][o.sonar.db.Database] Create JDBC data source for jdbc:h2:tcp://127.0.0.1:9092/sonar;NON_KEYWORDS=VALUE
2022.11.17 10:21:53 INFO  web[][c.z.h.HikariDataSource] HikariPool-1 - Starting...
2022.11.17 10:21:53 INFO  web[][c.z.h.p.HikariPool] HikariPool-1 - Added connection conn2: url=jdbc:h2:tcp://127.0.0.1:9092/sonar user=
2022.11.17 10:21:53 INFO  web[][c.z.h.HikariDataSource] HikariPool-1 - Start completed.
2022.11.17 10:21:53 WARN  web[][o.s.db.dialect.H2] H2 database should be used for evaluation purpose only.
2022.11.17 10:21:58 INFO  web[][o.s.s.p.ServerFileSystemImpl] SonarQube home: /opt/sonarqube
2022.11.17 10:21:58 INFO  web[][o.s.s.u.SystemPasscodeImpl] System authentication by passcode is disabled
2022.11.17 10:21:59 INFO  web[][o.s.s.p.d.m.h.MigrationHistoryTableImpl] Creating table schema_migrations
2022.11.17 10:22:00 INFO  web[][o.s.s.p.ServerPluginManager] Deploy C# Code Quality and Security / 8.46.0.54807 / a9f10bf0c980dd16d428c08c7a984e2205a512df
2022.11.17 10:22:00 INFO  web[][o.s.s.p.ServerPluginManager] Deploy Configuration detection fot Code Quality and Security / 1.2.0.267 / 4f37ba9ffb37a96d5883e52ad392ed32c5c6eaab
2022.11.17 10:22:00 INFO  web[][o.s.s.p.ServerPluginManager] Deploy Flex Code Quality and Security / 2.7.0.2865 / 9e61d9774455b25eefd0b71bf8903cb030641864
2022.11.17 10:22:00 INFO  web[][o.s.s.p.ServerPluginManager] Deploy Go Code Quality and Security / 1.11.0.3905 / e1f28bc000e04ca01881e84218d01d464a17a36f
2022.11.17 10:22:00 INFO  web[][o.s.s.p.ServerPluginManager] Deploy HTML Code Quality and Security / 3.6.0.3106 / 963bdc9f051f5dcb698b418790364231aeea04f2
2022.11.17 10:22:00 INFO  web[][o.s.s.p.ServerPluginManager] Deploy IaC Code Quality and Security / 1.9.2.2279 / f946157f4bbec5a6a1d40cf3418a0360c8c9c1f6
2022.11.17 10:22:00 INFO  web[][o.s.s.p.ServerPluginManager] Deploy JaCoCo / 1.1.1.1157 / 83478572b9f23efac29de15e30c7758bbb0c0e47
2022.11.17 10:22:00 INFO  web[][o.s.s.p.ServerPluginManager] Deploy Java Code Quality and Security / 7.14.0.30229 / 9079835c8f5e43cef40516cc49073e01bb8ad6e6
2022.11.17 10:22:00 INFO  web[][o.s.s.p.ServerPluginManager] Deploy JavaScript/TypeScript/CSS Code Quality and Security / 9.9.0.19492 / e6156f1886415bd21e0726eb92f61d5605187a29
2022.11.17 10:22:00 INFO  web[][o.s.s.p.ServerPluginManager] Deploy Kotlin Code Quality and Security / 2.10.0.1456 / 187f0a9c30ba26886ee5975df23e2f31de86a8c1
2022.11.17 10:22:00 INFO  web[][o.s.s.p.ServerPluginManager] Deploy PHP Code Quality and Security / 3.25.0.9077 / 62146fca3dce550eb1dde73881a14c7af4988269
2022.11.17 10:22:00 INFO  web[][o.s.s.p.ServerPluginManager] Deploy Python Code Quality and Security / 3.19.0.10254 / 411866233dc7e1f384592447884d27e220cb00ec
2022.11.17 10:22:00 INFO  web[][o.s.s.p.ServerPluginManager] Deploy Ruby Code Quality and Security / 1.11.0.3905 / e1f28bc000e04ca01881e84218d01d464a17a36f
2022.11.17 10:22:00 INFO  web[][o.s.s.p.ServerPluginManager] Deploy Scala Code Quality and Security / 1.11.0.3905 / e1f28bc000e04ca01881e84218d01d464a17a36f
2022.11.17 10:22:00 INFO  web[][o.s.s.p.ServerPluginManager] Deploy Text file Code Quality and Security / 1.1.0.282 / a90347d77706f598413780a08442deec4ae68f4e
2022.11.17 10:22:00 INFO  web[][o.s.s.p.ServerPluginManager] Deploy VB.NET Code Quality and Security / 8.46.0.54807 / a9f10bf0c980dd16d428c08c7a984e2205a512df
2022.11.17 10:22:00 INFO  web[][o.s.s.p.ServerPluginManager] Deploy XML Code Quality and Security / 2.6.1.3686 / 8935c6f8341cd50defba2d8245d91dc4d07e24d0
2022.11.17 10:23:38 INFO  web[][o.s.s.e.EsClientProvider] Connected to local Elasticsearch: [http://localhost:9001]
2022.11.17 10:23:41 WARN  web[][o.s.a.s.w.WebService$Action] Description is not set on action api/monitoring/metrics
2022.11.17 10:23:41 WARN  web[][o.s.a.s.w.WebService$Action] Since is not set on action api/monitoring/metrics
2022.11.17 10:23:41 WARN  web[][o.s.a.s.w.WebService$Action] The response example is not set on action api/monitoring/metrics
2022.11.17 10:23:41 WARN  web[][o.s.a.s.w.WebService$Action] The response example is not set on action api/system/liveness
2022.11.17 10:23:41 INFO  web[][o.s.s.p.d.m.AutoDbMigration] Automatically perform DB migration on fresh install
2022.11.17 10:23:41 INFO  web[][DbMigrations] Executing DB migrations...
2022.11.17 10:23:41 INFO  web[][DbMigrations] #1 'Create initial schema'...
2022.11.17 10:23:42 INFO  web[][DbMigrations] #1 'Create initial schema': success | time=1532ms
2022.11.17 10:23:42 INFO  web[][DbMigrations] #2 'Populate initial schema'...
2022.11.17 10:23:43 INFO  web[][DbMigrations] #2 'Populate initial schema': success | time=320ms
2022.11.17 10:23:43 INFO  web[][DbMigrations] #5001 'Drop PK on 'uuid' for 'ce_activity' table'...
2022.11.17 10:23:43 INFO  web[][DbMigrations] #5001 'Drop PK on 'uuid' for 'ce_activity' table': success | time=55ms
2022.11.17 10:23:43 INFO  web[][DbMigrations] #5002 'Drop 'ce_activity_uuid' index'...
2022.11.17 10:23:43 INFO  web[][DbMigrations] #5002 'Drop 'ce_activity_uuid' index': success | time=50ms
2022.11.17 10:23:43 INFO  web[][DbMigrations] #5003 'Recreate PK on 'uuid' for 'ce_activity' table'...
2022.11.17 10:23:43 INFO  web[][DbMigrations] #5003 'Recreate PK on 'uuid' for 'ce_activity' table': success | time=76ms
2022.11.17 10:23:43 INFO  web[][DbMigrations] #5004 'Drop PK on 'uuid' for 'events' table'...
2022.11.17 10:23:43 INFO  web[][DbMigrations] #5004 'Drop PK on 'uuid' for 'events' table': success | time=27ms
2022.11.17 10:23:43 INFO  web[][DbMigrations] #5005 'Drop 'events_uuid' index'...
2022.11.17 10:23:43 INFO  web[][DbMigrations] #5005 'Drop 'events_uuid' index': success | time=21ms
2022.11.17 10:23:43 INFO  web[][DbMigrations] #5006 'Recreate PK on 'uuid' for 'events' table'...
2022.11.17 10:23:43 INFO  web[][DbMigrations] #5006 'Recreate PK on 'uuid' for 'events' table': success | time=27ms
2022.11.17 10:23:43 INFO  web[][DbMigrations] #5007 'Drop PK on 'kee' for 'issues' table'...
2022.11.17 10:23:43 INFO  web[][DbMigrations] #5007 'Drop PK on 'kee' for 'issues' table': success | time=18ms
2022.11.17 10:23:43 INFO  web[][DbMigrations] #5008 'Drop 'issues_kee' index'...
2022.11.17 10:23:43 INFO  web[][DbMigrations] #5008 'Drop 'issues_kee' index': success | time=10ms
2022.11.17 10:23:43 INFO  web[][DbMigrations] #5009 'Recreate PK on 'kee' for 'issues' table'...
2022.11.17 10:23:43 INFO  web[][DbMigrations] #5009 'Recreate PK on 'kee' for 'issues' table': success | time=10ms
2022.11.17 10:23:43 INFO  web[][DbMigrations] #5010 'Drop PK on 'kee' for 'snapshots' table'...
2022.11.17 10:23:43 INFO  web[][DbMigrations] #5010 'Drop PK on 'kee' for 'snapshots' table': success | time=33ms
2022.11.17 10:23:43 INFO  web[][DbMigrations] #5011 'Drop 'analyses_uuid' index'...
2022.11.17 10:23:43 INFO  web[][DbMigrations] #5011 'Drop 'analyses_uuid' index': success | time=33ms
2022.11.17 10:23:43 INFO  web[][DbMigrations] #5012 'Recreate PK on 'kee' for 'snapshots' table'...
2022.11.17 10:23:43 INFO  web[][DbMigrations] #5012 'Recreate PK on 'kee' for 'snapshots' table': success | time=23ms
2022.11.17 10:23:43 INFO  web[][DbMigrations] #6001 'Drop 'manual_measures_component_uuid' index'...
2022.11.17 10:23:43 INFO  web[][DbMigrations] #6001 'Drop 'manual_measures_component_uuid' index': success | time=24ms
2022.11.17 10:23:43 INFO  web[][DbMigrations] #6002 'Drop 'manual_measures' table'...
2022.11.17 10:23:44 INFO  web[][DbMigrations] #6002 'Drop 'manual_measures' table': success | time=61ms
2022.11.17 10:23:44 INFO  web[][DbMigrations] #6003 'Drop custom metrics data from 'live_measures' table'...
2022.11.17 10:23:44 INFO  web[][o.s.s.p.d.m.s.MassUpdate] 0 rows processed (0 items/sec)
2022.11.17 10:23:44 INFO  web[][DbMigrations] #6003 'Drop custom metrics data from 'live_measures' table': success | time=114ms
2022.11.17 10:23:44 INFO  web[][DbMigrations] #6004 'Drop custom metrics data from 'project_measures' table'...
2022.11.17 10:23:44 INFO  web[][o.s.s.p.d.m.s.MassUpdate] 0 rows processed (0 items/sec)
2022.11.17 10:23:44 INFO  web[][DbMigrations] #6004 'Drop custom metrics data from 'project_measures' table': success | time=55ms
2022.11.17 10:23:44 INFO  web[][DbMigrations] #6005 'Drop custom metrics data from 'metrics' table'...
2022.11.17 10:23:44 INFO  web[][o.s.s.p.d.m.s.MassUpdate] 0 rows processed (0 items/sec)
2022.11.17 10:23:44 INFO  web[][DbMigrations] #6005 'Drop custom metrics data from 'metrics' table': success | time=80ms
2022.11.17 10:23:44 INFO  web[][DbMigrations] #6006 'Drop 'user_managed' column from 'metrics' table'...
2022.11.17 10:23:44 INFO  web[][DbMigrations] #6006 'Drop 'user_managed' column from 'metrics' table': success | time=85ms
2022.11.17 10:23:44 INFO  web[][DbMigrations] #6007 'Create Audit table'...
2022.11.17 10:23:44 INFO  web[][DbMigrations] #6007 'Create Audit table': success | time=30ms
2022.11.17 10:23:44 INFO  web[][DbMigrations] #6008 'Add column 'removed' to 'plugins' table'...
2022.11.17 10:23:44 INFO  web[][DbMigrations] #6008 'Add column 'removed' to 'plugins' table': success | time=57ms
2022.11.17 10:23:44 INFO  web[][DbMigrations] #6009 'Alter column 'client_secret' of 'alm_settings' table to length 160'...
2022.11.17 10:23:44 INFO  web[][DbMigrations] #6009 'Alter column 'client_secret' of 'alm_settings' table to length 160': success | time=26ms
2022.11.17 10:23:44 INFO  web[][DbMigrations] #6010 'Alter column 'private_key' of 'alm_settings' table to length 2500'...
2022.11.17 10:23:44 INFO  web[][DbMigrations] #6010 'Alter column 'private_key' of 'alm_settings' table to length 2500': success | time=19ms
2022.11.17 10:23:44 INFO  web[][DbMigrations] #6011 'Create 'portfolios' table'...
2022.11.17 10:23:44 INFO  web[][DbMigrations] #6011 'Create 'portfolios' table': success | time=25ms
2022.11.17 10:23:44 INFO  web[][DbMigrations] #6012 'Create unique index for 'kee' in 'portfolios''...
2022.11.17 10:23:44 INFO  web[][DbMigrations] #6012 'Create unique index for 'kee' in 'portfolios'': success | time=35ms
2022.11.17 10:23:44 INFO  web[][DbMigrations] #6013 'Create 'portfolio_references' table'...
2022.11.17 10:23:44 INFO  web[][DbMigrations] #6013 'Create 'portfolio_references' table': success | time=37ms
2022.11.17 10:23:44 INFO  web[][DbMigrations] #6014 'Create unique index for 'portfolio_references''...
2022.11.17 10:23:44 INFO  web[][DbMigrations] #6014 'Create unique index for 'portfolio_references'': success | time=22ms
2022.11.17 10:23:44 INFO  web[][DbMigrations] #6015 'Create 'portfolio_projects' table'...
2022.11.17 10:23:44 INFO  web[][DbMigrations] #6015 'Create 'portfolio_projects' table': success | time=57ms
2022.11.17 10:23:44 INFO  web[][DbMigrations] #6016 'Create unique index for 'portfolio_projects''...
2022.11.17 10:23:44 INFO  web[][DbMigrations] #6016 'Create unique index for 'portfolio_projects'': success | time=30ms
2022.11.17 10:23:44 INFO  web[][DbMigrations] #6017 'Migrate portfolios to new tables'...
2022.11.17 10:23:44 INFO  web[][DbMigrations] #6017 'Migrate portfolios to new tables': success | time=23ms
2022.11.17 10:23:44 INFO  web[][DbMigrations] #6018 'Create index for 'issue_changes' on 'issue_key' and 'change_type''...
2022.11.17 10:23:44 INFO  web[][DbMigrations] #6018 'Create index for 'issue_changes' on 'issue_key' and 'change_type'': success | time=22ms
2022.11.17 10:23:44 INFO  web[][DbMigrations] #6019 'Remove SVN related properties'...
2022.11.17 10:23:44 INFO  web[][DbMigrations] #6019 'Remove SVN related properties': success | time=25ms
2022.11.17 10:23:44 INFO  web[][DbMigrations] #6101 'Change size of column 'selection_expression' in 'Portfolios''...
2022.11.17 10:23:44 INFO  web[][DbMigrations] #6101 'Change size of column 'selection_expression' in 'Portfolios'': success | time=10ms
2022.11.17 10:23:44 INFO  web[][DbMigrations] #6102 'Migrate Bitbucket.org authentication plugin settings to built-in authentication settings'...
2022.11.17 10:23:44 INFO  web[][DbMigrations] #6102 'Migrate Bitbucket.org authentication plugin settings to built-in authentication settings': success | time=35ms
2022.11.17 10:23:44 INFO  web[][DbMigrations] #6103 'Create column quick_fix_available in 'issues''...
2022.11.17 10:23:45 INFO  web[][DbMigrations] #6103 'Create column quick_fix_available in 'issues'': success | time=133ms
2022.11.17 10:23:45 INFO  web[][DbMigrations] #6104 'Create qgate_user_permissions Table'...
2022.11.17 10:23:45 INFO  web[][DbMigrations] #6104 'Create qgate_user_permissions Table': success | time=31ms
2022.11.17 10:23:45 INFO  web[][DbMigrations] #6105 'Create qgate_group_permissions Table'...
2022.11.17 10:23:45 INFO  web[][DbMigrations] #6105 'Create qgate_group_permissions Table': success | time=33ms
2022.11.17 10:23:45 INFO  web[][DbMigrations] #6106 'Create column sonarlint_ad_seen in 'users''...
2022.11.17 10:23:45 INFO  web[][DbMigrations] #6106 'Create column sonarlint_ad_seen in 'users'': success | time=122ms
2022.11.17 10:23:45 INFO  web[][DbMigrations] #6107 'Upsert value of sonarlint_ad_seen in 'users''...
2022.11.17 10:23:45 INFO  web[][DbMigrations] #6107 'Upsert value of sonarlint_ad_seen in 'users'': success | time=21ms
2022.11.17 10:23:45 INFO  web[][DbMigrations] #6108 'Change size of column 'kee' in 'components''...
2022.11.17 10:23:45 INFO  web[][DbMigrations] #6108 'Change size of column 'kee' in 'components'': success | time=35ms
2022.11.17 10:23:45 INFO  web[][DbMigrations] #6109 'Create table 'portfolio_proj_branches''...
2022.11.17 10:23:45 INFO  web[][DbMigrations] #6109 'Create table 'portfolio_proj_branches'': success | time=24ms
2022.11.17 10:23:45 INFO  web[][DbMigrations] #6110 'Add column 'branch_key' to table 'portfolios''...
2022.11.17 10:23:45 INFO  web[][DbMigrations] #6110 'Add column 'branch_key' to table 'portfolios'': success | time=39ms
2022.11.17 10:23:45 INFO  web[][DbMigrations] #6111 'Change size of column 'kee' in 'components''...
2022.11.17 10:23:45 INFO  web[][DbMigrations] #6111 'Change size of column 'kee' in 'components'': success | time=15ms
2022.11.17 10:23:45 INFO  web[][DbMigrations] #6112 'Create 'project_badge_token' Table'...
2022.11.17 10:23:45 INFO  web[][DbMigrations] #6112 'Create 'project_badge_token' Table': success | time=19ms
2022.11.17 10:23:45 INFO  web[][DbMigrations] #6113 'Deprecate quality profile 'Sonar way Recommended' for js and ts'...
2022.11.17 10:23:45 INFO  web[][DbMigrations] #6113 'Deprecate quality profile 'Sonar way Recommended' for js and ts': success | time=77ms
2022.11.17 10:23:45 INFO  web[][DbMigrations] #6114 'Drop the 'sonar.lf.aboutText' property value'...
2022.11.17 10:23:45 INFO  web[][DbMigrations] #6114 'Drop the 'sonar.lf.aboutText' property value': success | time=132ms
2022.11.17 10:23:45 INFO  web[][DbMigrations] #6201 'Fix usage of deprecated column in MSSQL'...
2022.11.17 10:23:45 INFO  web[][DbMigrations] #6201 'Fix usage of deprecated column in MSSQL': success | time=33ms
2022.11.17 10:23:45 INFO  web[][DbMigrations] #6202 'Drop index 'uniq_portfolio_references''...
2022.11.17 10:23:45 INFO  web[][DbMigrations] #6202 'Drop index 'uniq_portfolio_references'': success | time=39ms
2022.11.17 10:23:46 INFO  web[][DbMigrations] #6203 'Add column 'branch_uuid' to 'portfolio_references''...
2022.11.17 10:23:46 INFO  web[][DbMigrations] #6203 'Add column 'branch_uuid' to 'portfolio_references'': success | time=52ms
2022.11.17 10:23:46 INFO  web[][DbMigrations] #6204 'Create index 'uniq_portfolio_references''...
2022.11.17 10:23:46 INFO  web[][DbMigrations] #6204 'Create index 'uniq_portfolio_references'': success | time=21ms
2022.11.17 10:23:46 INFO  web[][DbMigrations] #6205 'Create table 'new_code_reference_branch_issues''...
2022.11.17 10:23:46 INFO  web[][DbMigrations] #6205 'Create table 'new_code_reference_branch_issues'': success | time=22ms
2022.11.17 10:23:46 INFO  web[][DbMigrations] #6206 'Create index 'uniq_new_code_reference_issues''...
2022.11.17 10:23:46 INFO  web[][DbMigrations] #6206 'Create index 'uniq_new_code_reference_issues'': success | time=27ms
2022.11.17 10:23:46 INFO  web[][DbMigrations] #6301 'Drop unused Issues Column REPORTER'...
2022.11.17 10:23:46 INFO  web[][DbMigrations] #6301 'Drop unused Issues Column REPORTER': success | time=78ms
2022.11.17 10:23:46 INFO  web[][DbMigrations] #6302 'Drop unused Issues Column ACTION_PLAN_KEY'...
2022.11.17 10:23:46 INFO  web[][DbMigrations] #6302 'Drop unused Issues Column ACTION_PLAN_KEY': success | time=87ms
2022.11.17 10:23:46 INFO  web[][DbMigrations] #6303 'Drop unused Issues Column ISSUE_ATTRIBUTES'...
2022.11.17 10:23:46 INFO  web[][DbMigrations] #6303 'Drop unused Issues Column ISSUE_ATTRIBUTES': success | time=57ms
2022.11.17 10:23:46 INFO  web[][DbMigrations] #6304 'Create table 'SCANNER_ANALYSIS_CACHE'...
2022.11.17 10:23:46 INFO  web[][DbMigrations] #6304 'Create table 'SCANNER_ANALYSIS_CACHE': success | time=17ms
2022.11.17 10:23:46 INFO  web[][DbMigrations] #6305 'Issue warning for users using SHA1 hash method'...
2022.11.17 10:23:46 INFO  web[][DbMigrations] #6305 'Issue warning for users using SHA1 hash method': success | time=22ms
2022.11.17 10:23:46 INFO  web[][DbMigrations] #6306 'Drop table 'user_properties''...
2022.11.17 10:23:46 INFO  web[][DbMigrations] #6306 'Drop table 'user_properties'': success | time=21ms
2022.11.17 10:23:46 INFO  web[][DbMigrations] #6401 'Add column 'project_key' to 'user_tokens''...
2022.11.17 10:23:46 INFO  web[][DbMigrations] #6401 'Add column 'project_key' to 'user_tokens'': success | time=57ms
2022.11.17 10:23:46 INFO  web[][DbMigrations] #6402 'Add column 'type' to 'user_tokens''...
2022.11.17 10:23:46 INFO  web[][DbMigrations] #6402 'Add column 'type' to 'user_tokens'': success | time=52ms
2022.11.17 10:23:46 INFO  web[][DbMigrations] #6403 'Upsert value of type in 'user_tokens''...
2022.11.17 10:23:46 INFO  web[][DbMigrations] #6403 'Upsert value of type in 'user_tokens'': success | time=48ms
2022.11.17 10:23:46 INFO  web[][DbMigrations] #6404 'Make column 'type' in 'user_tokens' not nullable'...
2022.11.17 10:23:46 INFO  web[][DbMigrations] #6404 'Make column 'type' in 'user_tokens' not nullable': success | time=56ms
2022.11.17 10:23:46 INFO  web[][DbMigrations] #6405 'Create table RULE_DESC_SECTIONS'...
2022.11.17 10:23:46 INFO  web[][DbMigrations] #6405 'Create table RULE_DESC_SECTIONS': success | time=27ms
2022.11.17 10:23:46 INFO  web[][DbMigrations] #6406 'Insert description from RULES into RULE_DESC_SECTIONS'...
2022.11.17 10:23:46 INFO  web[][DbMigrations] #6406 'Insert description from RULES into RULE_DESC_SECTIONS': success | time=50ms
2022.11.17 10:23:46 INFO  web[][DbMigrations] #6407 'Create index for RULE_DESC_SECTIONS'...
2022.11.17 10:23:46 INFO  web[][DbMigrations] #6407 'Create index for RULE_DESC_SECTIONS': success | time=27ms
2022.11.17 10:23:46 INFO  web[][DbMigrations] #6408 'Drop column DESCRIPTIONS from RULES table'...
2022.11.17 10:23:46 INFO  web[][DbMigrations] #6408 'Drop column DESCRIPTIONS from RULES table': success | time=55ms
2022.11.17 10:23:46 INFO  web[][DbMigrations] #6409 'Drop column CREATED_AT from RULES_METADATA table'...
2022.11.17 10:23:46 INFO  web[][DbMigrations] #6409 'Drop column CREATED_AT from RULES_METADATA table': success | time=42ms
2022.11.17 10:23:47 INFO  web[][DbMigrations] #6410 'Drop column UPDATED_AT from RULES_METADATA table'...
2022.11.17 10:23:47 INFO  web[][DbMigrations] #6410 'Drop column UPDATED_AT from RULES_METADATA table': success | time=32ms
2022.11.17 10:23:47 INFO  web[][DbMigrations] #6411 'Overwrite plugin file hash to force reloading rules'...
2022.11.17 10:23:47 INFO  web[][DbMigrations] #6411 'Overwrite plugin file hash to force reloading rules': success | time=17ms
2022.11.17 10:23:47 INFO  web[][DbMigrations] #6412 'Add rules_metadata columns to rules table'...
2022.11.17 10:23:47 INFO  web[][DbMigrations] #6412 'Add rules_metadata columns to rules table': success | time=373ms
2022.11.17 10:23:47 INFO  web[][DbMigrations] #6413 'Populate rules metadata in rules table'...
2022.11.17 10:23:47 INFO  web[][o.s.s.p.d.m.s.MassUpdate] 0 rows processed (0 items/sec)
2022.11.17 10:23:47 INFO  web[][DbMigrations] #6413 'Populate rules metadata in rules table': success | time=43ms
2022.11.17 10:23:47 INFO  web[][DbMigrations] #6414 'Drop rules_metadata table'...
2022.11.17 10:23:47 INFO  web[][DbMigrations] #6414 'Drop rules_metadata table': success | time=22ms
2022.11.17 10:23:47 INFO  web[][DbMigrations] #6415 'Migrate hotspot rule descriptions'...
2022.11.17 10:23:47 INFO  web[][DbMigrations] #6415 'Migrate hotspot rule descriptions': success | time=27ms
2022.11.17 10:23:47 INFO  web[][DbMigrations] #6416 'Remove onboarded column from User table'...
2022.11.17 10:23:47 INFO  web[][DbMigrations] #6416 'Remove onboarded column from User table': success | time=59ms
2022.11.17 10:23:47 INFO  web[][DbMigrations] #6417 'Add column 'user_triggered' to 'audits''...
2022.11.17 10:23:47 INFO  web[][DbMigrations] #6417 'Add column 'user_triggered' to 'audits'': success | time=47ms
2022.11.17 10:23:47 INFO  web[][DbMigrations] #6418 'Upsert value of 'user_triggered' in 'audits''...
2022.11.17 10:23:47 INFO  web[][DbMigrations] #6418 'Upsert value of 'user_triggered' in 'audits'': success | time=24ms
2022.11.17 10:23:47 INFO  web[][DbMigrations] #6500 'remove root column from users table'...
2022.11.17 10:23:47 INFO  web[][DbMigrations] #6500 'remove root column from users table': success | time=47ms
2022.11.17 10:23:47 INFO  web[][DbMigrations] #6501 'Add columns 'context_key' and 'context_display_name' into rule_desc_sections'...
2022.11.17 10:23:47 INFO  web[][DbMigrations] #6501 'Add columns 'context_key' and 'context_display_name' into rule_desc_sections': success | time=51ms
2022.11.17 10:23:47 INFO  web[][DbMigrations] #6502 'Drop unique index uniq_rule_desc_sections_kee'...
2022.11.17 10:23:47 INFO  web[][DbMigrations] #6502 'Drop unique index uniq_rule_desc_sections_kee': success | time=13ms
2022.11.17 10:23:47 INFO  web[][DbMigrations] #6503 'Create unique uniq_rule_desc_sections'...
2022.11.17 10:23:47 INFO  web[][DbMigrations] #6503 'Create unique uniq_rule_desc_sections': success | time=24ms
2022.11.17 10:23:47 INFO  web[][DbMigrations] #6504 'Add column 'expiration_date' to 'user_tokens''...
2022.11.17 10:23:47 INFO  web[][DbMigrations] #6504 'Add column 'expiration_date' to 'user_tokens'': success | time=30ms
2022.11.17 10:23:47 INFO  web[][DbMigrations] #6505 'Add column 'rule_description_context_key' to 'issues''...
2022.11.17 10:23:47 INFO  web[][DbMigrations] #6505 'Add column 'rule_description_context_key' to 'issues'': success | time=72ms
2022.11.17 10:23:47 INFO  web[][DbMigrations] #6506 'Add column 'education_principles' to 'rules''...
2022.11.17 10:23:48 INFO  web[][DbMigrations] #6506 'Add column 'education_principles' to 'rules'': success | time=60ms
2022.11.17 10:23:48 INFO  web[][DbMigrations] #6507 'Overwrite plugin file hash to force reloading rules'...
2022.11.17 10:23:48 INFO  web[][DbMigrations] #6507 'Overwrite plugin file hash to force reloading rules': success | time=39ms
2022.11.17 10:23:48 INFO  web[][DbMigrations] #6508 'Migrate 'sonarlint_ad_seen' from users to properties'...
2022.11.17 10:23:48 INFO  web[][o.s.s.p.d.m.s.MassUpdate] 0 rows processed (0 items/sec)
2022.11.17 10:23:48 INFO  web[][DbMigrations] #6508 'Migrate 'sonarlint_ad_seen' from users to properties': success | time=69ms
2022.11.17 10:23:48 INFO  web[][DbMigrations] #6509 'Drop column sonarlint_ad_seen in 'users''...
2022.11.17 10:23:48 INFO  web[][DbMigrations] #6509 'Drop column sonarlint_ad_seen in 'users'': success | time=67ms
2022.11.17 10:23:48 INFO  web[][DbMigrations] #6510 'Create table 'push_events''...
2022.11.17 10:23:48 INFO  web[][DbMigrations] #6510 'Create table 'push_events'': success | time=41ms
2022.11.17 10:23:48 INFO  web[][DbMigrations] #6511 'Create index 'idx_push_even_crea_uuid_proj' on 'push_events''...
2022.11.17 10:23:48 INFO  web[][DbMigrations] #6511 'Create index 'idx_push_even_crea_uuid_proj' on 'push_events'': success | time=27ms
2022.11.17 10:23:48 INFO  web[][DbMigrations] #6512 'Add column 'language' to 'push_events''...
2022.11.17 10:23:48 INFO  web[][DbMigrations] #6512 'Add column 'language' to 'push_events'': success | time=47ms
2022.11.17 10:23:48 INFO  web[][DbMigrations] #6513 'Delete duplicated rows in 'project_badge_token''...
2022.11.17 10:23:48 INFO  web[][DbMigrations] #6513 'Delete duplicated rows in 'project_badge_token'': success | time=32ms
2022.11.17 10:23:48 INFO  web[][DbMigrations] #6514 'Add unique index on 'project_uuid' in 'project_badge_token''...
2022.11.17 10:23:48 INFO  web[][DbMigrations] #6514 'Add unique index on 'project_uuid' in 'project_badge_token'': success | time=19ms
2022.11.17 10:23:48 INFO  web[][DbMigrations] #6600 'Add column 'webhook_secret' to 'alm_settings''...
2022.11.17 10:23:48 INFO  web[][DbMigrations] #6600 'Add column 'webhook_secret' to 'alm_settings'': success | time=56ms
2022.11.17 10:23:48 INFO  web[][DbMigrations] #6601 'Drop non unique index on 'uuid' in 'components''...
2022.11.17 10:23:48 INFO  web[][DbMigrations] #6601 'Drop non unique index on 'uuid' in 'components'': success | time=18ms
2022.11.17 10:23:48 INFO  web[][DbMigrations] #6602 'Add unique index on 'uuid' in 'components''...
2022.11.17 10:23:48 INFO  web[][DbMigrations] #6602 'Add unique index on 'uuid' in 'components'': success | time=22ms
2022.11.17 10:23:48 INFO  web[][DbMigrations] #6603 'Drop index for 'project_uuid' in 'components''...
2022.11.17 10:23:48 INFO  web[][DbMigrations] #6603 'Drop index for 'project_uuid' in 'components'': success | time=32ms
2022.11.17 10:23:48 INFO  web[][DbMigrations] #6604 'Rename column 'project_uuid' to 'branch_uuid' in 'components''...
2022.11.17 10:23:48 INFO  web[][DbMigrations] #6604 'Rename column 'project_uuid' to 'branch_uuid' in 'components'': success | time=123ms
2022.11.17 10:23:48 INFO  web[][DbMigrations] #6605 'Create index for 'branch_uuid' in 'components''...
2022.11.17 10:23:48 INFO  web[][DbMigrations] #6605 'Create index for 'branch_uuid' in 'components'': success | time=28ms
2022.11.17 10:23:48 INFO  web[][DbMigrations] #6606 'Drop index for 'kee' in 'components''...
2022.11.17 10:23:48 INFO  web[][DbMigrations] #6606 'Drop index for 'kee' in 'components'': success | time=19ms
2022.11.17 10:23:48 INFO  web[][DbMigrations] #6607 'Fix copy component UUID'...
2022.11.17 10:23:48 INFO  web[][o.s.s.p.d.m.s.MassUpdate] 0 rows processed (0 items/sec)
2022.11.17 10:23:48 INFO  web[][DbMigrations] #6607 'Fix copy component UUID': success | time=35ms
2022.11.17 10:23:48 INFO  web[][DbMigrations] #6608 'Remove branch information from 'kee' in 'components''...
2022.11.17 10:23:48 INFO  web[][o.s.s.p.d.m.s.MassUpdate] 0 rows processed (0 items/sec)
2022.11.17 10:23:49 INFO  web[][DbMigrations] #6608 'Remove branch information from 'kee' in 'components'': success | time=597ms
2022.11.17 10:23:49 INFO  web[][DbMigrations] #6609 'Add unique index on 'kee','branch_uuid' in 'components''...
2022.11.17 10:23:49 INFO  web[][DbMigrations] #6609 'Add unique index on 'kee','branch_uuid' in 'components'': success | time=15ms
2022.11.17 10:23:49 INFO  web[][DbMigrations] Executed DB migrations: success | time=8109ms
2022.11.17 10:23:49 INFO  web[][o.s.s.p.Platform] Database has been automatically updated
2022.11.17 10:23:49 INFO  web[][o.s.s.p.w.MasterServletFilter] Initializing servlet filter org.sonar.server.platform.web.WebServiceFilter@10bdfbcc [pattern=UrlPattern{inclusions=[/api/system/migrate_db.*, ...], exclusions=[/api/components/update_key, ...]}]
2022.11.17 10:23:49 INFO  web[][o.s.s.p.DetectPluginChange] Detect plugin changes
2022.11.17 10:23:49 INFO  web[][o.s.s.a.EmbeddedTomcat] HTTP connector enabled on port 9000
2022.11.17 10:23:56 INFO  web[][o.s.s.e.IndexCreator] Create index [metadatas]
2022.11.17 10:24:02 INFO  web[][o.s.s.e.IndexCreator] Create type metadatas/metadata
2022.11.17 10:24:07 INFO  web[][o.s.s.e.IndexCreator] Create index [components]
2022.11.17 10:24:21 INFO  web[][o.s.s.e.IndexCreator] Create type components/auth
2022.11.17 10:24:22 INFO  web[][o.s.s.e.IndexCreator] Create index [projectmeasures]
2022.11.17 10:24:23 WARN  web[][o.s.c.a.AnnotationConfigApplicationContext] Exception encountered during context initialization - cancelling refresh attempt: org.springframework.beans.factory.BeanCreationException: Error creating bean with name 'jdk.internal.loader.ClassLoaders$AppClassLoader@277050dc-org.sonar.server.es.IndexCreator': Initialization of bean failed; nested exception is org.sonar.server.es.ElasticsearchException: Fail to execute es requestES index request for key 'projectmeasures.indexStructure' on index 'metadatas' on type 'metadata'
2022.11.17 10:24:23 ERROR web[][o.s.s.p.Platform] Background initialization failed. Stopping SonarQube
org.springframework.beans.factory.BeanCreationException: Error creating bean with name 'jdk.internal.loader.ClassLoaders$AppClassLoader@277050dc-org.sonar.server.es.IndexCreator': Initialization of bean failed; nested exception is org.sonar.server.es.ElasticsearchException: Fail to execute es requestES index request for key 'projectmeasures.indexStructure' on index 'metadatas' on type 'metadata'
	at org.springframework.beans.factory.support.AbstractAutowireCapableBeanFactory.doCreateBean(AbstractAutowireCapableBeanFactory.java:628)
	at org.springframework.beans.factory.support.AbstractAutowireCapableBeanFactory.createBean(AbstractAutowireCapableBeanFactory.java:542)
	at org.springframework.beans.factory.support.AbstractBeanFactory.lambda$doGetBean$0(AbstractBeanFactory.java:335)
	at org.springframework.beans.factory.support.DefaultSingletonBeanRegistry.getSingleton(DefaultSingletonBeanRegistry.java:234)
	at org.springframework.beans.factory.support.AbstractBeanFactory.doGetBean(AbstractBeanFactory.java:333)
	at org.springframework.beans.factory.support.AbstractBeanFactory.getBean(AbstractBeanFactory.java:208)
	at org.springframework.beans.factory.support.DefaultListableBeanFactory.preInstantiateSingletons(DefaultListableBeanFactory.java:955)
	at org.springframework.context.support.AbstractApplicationContext.finishBeanFactoryInitialization(AbstractApplicationContext.java:918)
	at org.springframework.context.support.AbstractApplicationContext.refresh(AbstractApplicationContext.java:583)
	at org.sonar.core.platform.SpringComponentContainer.startComponents(SpringComponentContainer.java:187)
	at org.sonar.server.platform.platformlevel.PlatformLevel.start(PlatformLevel.java:80)
	at org.sonar.server.platform.platformlevel.PlatformLevel4.start(PlatformLevel4.java:647)
	at org.sonar.server.platform.PlatformImpl.start(PlatformImpl.java:196)
	at org.sonar.server.platform.PlatformImpl.startLevel34Containers(PlatformImpl.java:177)
	at org.sonar.server.platform.PlatformImpl$1.lambda$doRun$0(PlatformImpl.java:105)
	at org.sonar.server.platform.PlatformImpl$AutoStarterRunnable.runIfNotAborted(PlatformImpl.java:344)
	at org.sonar.server.platform.PlatformImpl$1.doRun(PlatformImpl.java:105)
	at org.sonar.server.platform.PlatformImpl$AutoStarterRunnable.run(PlatformImpl.java:328)
	at java.base/java.lang.Thread.run(Thread.java:829)
Caused by: org.sonar.server.es.ElasticsearchException: Fail to execute es requestES index request for key 'projectmeasures.indexStructure' on index 'metadatas' on type 'metadata'
	at org.sonar.server.es.EsClient.execute(EsClient.java:313)
	at org.sonar.server.es.EsClient.index(EsClient.java:173)
	at org.sonar.server.es.metadata.MetadataIndexImpl.setMetadata(MetadataIndexImpl.java:104)
	at org.sonar.server.es.metadata.MetadataIndexImpl.setHash(MetadataIndexImpl.java:53)
	at org.sonar.server.es.IndexCreator.createIndex(IndexCreator.java:145)
	at org.sonar.server.es.IndexCreator.lambda$start$1(IndexCreator.java:102)
	at java.base/java.util.stream.ForEachOps$ForEachOp$OfRef.accept(ForEachOps.java:183)
	at java.base/java.util.stream.ReferencePipeline$2$1.accept(ReferencePipeline.java:177)
	at java.base/java.util.HashMap$ValueSpliterator.forEachRemaining(HashMap.java:1693)
	at java.base/java.util.stream.AbstractPipeline.copyInto(AbstractPipeline.java:484)
	at java.base/java.util.stream.AbstractPipeline.wrapAndCopyInto(AbstractPipeline.java:474)
	at java.base/java.util.stream.ForEachOps$ForEachOp.evaluateSequential(ForEachOps.java:150)
	at java.base/java.util.stream.ForEachOps$ForEachOp$OfRef.evaluateSequential(ForEachOps.java:173)
	at java.base/java.util.stream.AbstractPipeline.evaluate(AbstractPipeline.java:234)
	at java.base/java.util.stream.ReferencePipeline.forEach(ReferencePipeline.java:497)
	at org.sonar.server.es.IndexCreator.start(IndexCreator.java:99)
	at org.sonar.core.platform.StartableBeanPostProcessor.postProcessBeforeInitialization(StartableBeanPostProcessor.java:33)
	at org.springframework.beans.factory.support.AbstractAutowireCapableBeanFactory.applyBeanPostProcessorsBeforeInitialization(AbstractAutowireCapableBeanFactory.java:440)
	at org.springframework.beans.factory.support.AbstractAutowireCapableBeanFactory.initializeBean(AbstractAutowireCapableBeanFactory.java:1796)
	at org.springframework.beans.factory.support.AbstractAutowireCapableBeanFactory.doCreateBean(AbstractAutowireCapableBeanFactory.java:620)
	... 18 common frames omitted
Caused by: org.elasticsearch.ElasticsearchStatusException: Elasticsearch exception [type=cluster_block_exception, reason=index [metadatas] blocked by: [TOO_MANY_REQUESTS/12/disk usage exceeded flood-stage watermark, index has read-only-allow-delete block];]
	at org.elasticsearch.rest.BytesRestResponse.errorFromXContent(BytesRestResponse.java:178)
	at org.elasticsearch.client.RestHighLevelClient.parseEntity(RestHighLevelClient.java:2484)
	at org.elasticsearch.client.RestHighLevelClient.parseResponseException(RestHighLevelClient.java:2461)
	at org.elasticsearch.client.RestHighLevelClient.internalPerformRequest(RestHighLevelClient.java:2184)
	at org.elasticsearch.client.RestHighLevelClient.performRequest(RestHighLevelClient.java:2137)
	at org.elasticsearch.client.RestHighLevelClient.performRequestAndParseEntity(RestHighLevelClient.java:2105)
	at org.elasticsearch.client.RestHighLevelClient.index(RestHighLevelClient.java:1241)
	at org.sonar.server.es.EsClient.lambda$index$15(EsClient.java:173)
	at org.sonar.server.es.EsClient.execute(EsClient.java:311)
	... 37 common frames omitted
	Suppressed: org.elasticsearch.client.ResponseException: method [PUT], host [http://localhost:9001], URI [/metadatas/metadata/projectmeasures.indexStructure?refresh=true&timeout=1m], status line [HTTP/1.1 429 Too Many Requests]
{"error":{"root_cause":[{"type":"cluster_block_exception","reason":"index [metadatas] blocked by: [TOO_MANY_REQUESTS/12/disk usage exceeded flood-stage watermark, index has read-only-allow-delete block];"}],"type":"cluster_block_exception","reason":"index [metadatas] blocked by: [TOO_MANY_REQUESTS/12/disk usage exceeded flood-stage watermark, index has read-only-allow-delete block];"},"status":429}
		at org.elasticsearch.client.RestClient.convertResponse(RestClient.java:347)
		at org.elasticsearch.client.RestClient.performRequest(RestClient.java:313)
		at org.elasticsearch.client.RestClient.performRequest(RestClient.java:288)
		at org.elasticsearch.client.RestHighLevelClient.performClientRequest(RestHighLevelClient.java:2699)
		at org.elasticsearch.client.RestHighLevelClient.internalPerformRequest(RestHighLevelClient.java:2171)
		... 42 common frames omitted
2022.11.17 10:24:23 INFO  web[][o.s.p.ProcessEntryPoint] Hard stopping process
2022.11.17 10:24:23 INFO  web[][c.z.h.HikariDataSource] HikariPool-1 - Shutdown initiated...
2022.11.17 10:24:23 INFO  web[][c.z.h.HikariDataSource] HikariPool-1 - Shutdown completed.
2022.11.17 10:24:23 INFO  web[][o.s.s.p.d.EmbeddedDatabase] Embedded database stopped
